{"/Users/lc/learn/builder-webpack/lib/webpack.common.js":{"path":"/Users/lc/learn/builder-webpack/lib/webpack.common.js","s":{"1":1,"2":1,"3":1,"4":1,"5":1,"6":1,"7":1,"8":1,"9":1,"10":1,"11":1,"12":1,"13":1,"14":2,"15":2,"16":2,"17":2,"18":2,"19":1,"20":1,"21":1,"22":0,"23":0,"24":0,"25":0},"b":{"1":[2,2],"2":[0,0],"3":[0,0]},"f":{"1":0},"fnMap":{"1":{"name":"errorPlugin","line":121,"loc":{"start":{"line":121,"column":4},"end":{"line":121,"column":27}}}},"statementMap":{"1":{"start":{"line":1,"column":0},"end":{"line":1,"column":28}},"2":{"start":{"line":2,"column":0},"end":{"line":2,"column":28}},"3":{"start":{"line":3,"column":0},"end":{"line":3,"column":44}},"4":{"start":{"line":4,"column":0},"end":{"line":4,"column":62}},"5":{"start":{"line":5,"column":0},"end":{"line":5,"column":56}},"6":{"start":{"line":6,"column":0},"end":{"line":6,"column":63}},"7":{"start":{"line":7,"column":0},"end":{"line":7,"column":77}},"8":{"start":{"line":10,"column":0},"end":{"line":10,"column":33}},"9":{"start":{"line":13,"column":0},"end":{"line":46,"column":1}},"10":{"start":{"line":14,"column":2},"end":{"line":14,"column":18}},"11":{"start":{"line":15,"column":2},"end":{"line":15,"column":31}},"12":{"start":{"line":17,"column":2},"end":{"line":17,"column":74}},"13":{"start":{"line":18,"column":2},"end":{"line":40,"column":4}},"14":{"start":{"line":19,"column":4},"end":{"line":19,"column":39}},"15":{"start":{"line":21,"column":4},"end":{"line":21,"column":57}},"16":{"start":{"line":22,"column":4},"end":{"line":22,"column":38}},"17":{"start":{"line":23,"column":4},"end":{"line":23,"column":31}},"18":{"start":{"line":24,"column":4},"end":{"line":39,"column":5}},"19":{"start":{"line":42,"column":2},"end":{"line":45,"column":3}},"20":{"start":{"line":48,"column":0},"end":{"line":48,"column":46}},"21":{"start":{"line":50,"column":0},"end":{"line":131,"column":1}},"22":{"start":{"line":78,"column":29},"end":{"line":80,"column":17}},"23":{"start":{"line":122,"column":6},"end":{"line":127,"column":8}},"24":{"start":{"line":123,"column":8},"end":{"line":126,"column":9}},"25":{"start":{"line":125,"column":10},"end":{"line":125,"column":25}}},"branchMap":{"1":{"line":22,"type":"binary-expr","locations":[{"start":{"line":22,"column":21},"end":{"line":22,"column":26}},{"start":{"line":22,"column":30},"end":{"line":22,"column":38}}]},"2":{"line":123,"type":"if","locations":[{"start":{"line":123,"column":8},"end":{"line":123,"column":8}},{"start":{"line":123,"column":8},"end":{"line":123,"column":8}}]},"3":{"line":123,"type":"binary-expr","locations":[{"start":{"line":123,"column":12},"end":{"line":123,"column":36}},{"start":{"line":123,"column":40},"end":{"line":123,"column":75}}]}}}}